---
  0 debug pnpm:scope: 
    selected: 1
    workspacePrefix: null
  1 info pnpm: 
    message: "A store server is running. All store manipulations are delegated to it."
    prefix: "/app"
  2 debug pnpm:package-json: 
    initial: 
      name: "exemplo-sqlite"
      version: "0.0.1"
      description: "Exemplo de desenvolvimento cliente-servidor com node.js, fastify e SQLite"
      main: "server.js"
      scripts: 
        start: "node server.js"
      type: "module"
      dependencies: 
        fastify: "^3.27.4"
        fastify/formbody: "6.0.0"
        fastify-static: "^4.6.1"
        fastify-cors: "5.0.0"
        handlebars: "^4.7.7"
        point-of-view: "^5.2.0"
        sqlite: "^4.1.1"
        sqlite3: "^5.0.2"
      engines: 
        node: "10.x"
      repository: 
        url: "https://glitch.com/edit/#!/hello-sqlite"
      license: "MIT"
      keywords: 
        - "node"
        - "glitch"
        - "sqlite"
      readme: "# Base para Implementação do Servidor\n\n"
      readmeFilename: "README.md"
      gitHead: "774f65b2519615dbc4179922aae821c1644e1f1a"
      _id: "exemplo-sqlite@0.0.1"
    prefix: "/app"
  3 debug pnpm:stage: 
    prefix: "/app"
    stage: "resolution_started"
  4 debug pnpm:progress: 
    packageId: "registry.npmjs.org/fastify/3.29.3"
    requester: "/app"
    status: "resolved"
  5 debug pnpm:progress: 
    packageId: "registry.npmjs.org/fastify-static/4.7.0"
    requester: "/app"
    status: "resolved"
  6 debug pnpm:progress: 
    packageId: "registry.npmjs.org/fastify-cors/5.0.0"
    requester: "/app"
    status: "resolved"
  7 debug pnpm:progress: 
    packageId: "registry.npmjs.org/handlebars/4.7.7"
    requester: "/app"
    status: "resolved"
  8 debug pnpm:progress: 
    packageId: "registry.npmjs.org/point-of-view/5.3.0"
    requester: "/app"
    status: "resolved"
  9 debug pnpm:progress: 
    packageId: "registry.npmjs.org/sqlite/4.1.2"
    requester: "/app"
    status: "resolved"
  10 debug pnpm:progress: 
    packageId: "registry.npmjs.org/sqlite3/5.1.2"
    requester: "/app"
    status: "resolved"
  11 error pnpm: 
    message: "405 Method Not Allowed: fastify/formbody (via https://registry.npmjs.org/fastify%2Fformbody)"
    code: "ERR_PNPM_REGISTRY_META_RESPONSE_405"
    uri: "https://registry.npmjs.org/fastify%2Fformbody"
    response: 
      body: 
        _readableState: 
          objectMode: false
          highWaterMark: 16384
          buffer: 
            head: 
              data: 
                type: "Buffer"
                data: 
                  - 71
                  - 69
                  - 84
                  - 32
                  - 105
                  - 115
                  - 32
                  - 110
                  - 111
                  - 116
                  - 32
                  - 97
                  - 108
                  - 108
                  - 111
                  - 119
                  - 101
                  - 100
              next: null
            tail: 
              data: 
                type: "Buffer"
                data: 
                  - 71
                  - 69
                  - 84
                  - 32
                  - 105
                  - 115
                  - 32
                  - 110
                  - 111
                  - 116
                  - 32
                  - 97
                  - 108
                  - 108
                  - 111
                  - 119
                  - 101
                  - 100
              next: null
            length: 1
          length: 18
          pipes: null
          pipesCount: 0
          flowing: null
          ended: true
          endEmitted: false
          reading: false
          sync: false
          needReadable: false
          emittedReadable: true
          readableListening: false
          resumeScheduled: false
          paused: true
          emitClose: true
          destroyed: false
          defaultEncoding: "utf8"
          awaitDrain: 0
          readingMore: false
          decoder: null
          encoding: null
        readable: true
        _events: {}
        _eventsCount: 1
        _writableState: 
          objectMode: false
          highWaterMark: 16384
          finalCalled: false
          needDrain: false
          ending: true
          ended: true
          finished: true
          destroyed: false
          decodeStrings: true
          defaultEncoding: "utf8"
          length: 0
          writing: false
          corked: 0
          sync: false
          bufferProcessing: false
          writecb: null
          writelen: 0
          bufferedRequest: null
          lastBufferedRequest: null
          pendingcb: 0
          prefinished: true
          errorEmitted: false
          emitClose: true
          bufferedRequestCount: 0
          corkedRequestsFree: 
            next: null
            entry: null
        writable: false
        allowHalfOpen: true
        _transformState: 
          needTransform: false
          transforming: false
          writecb: null
          writechunk: null
          writeencoding: "buffer"
      size: 0
      timeout: 0
      url: "https://registry.npmjs.org/fastify%2Fformbody"
      status: 405
      statusText: "Method Not Allowed"
      headers: {}
    package: "fastify/formbody"
